<?xml version="1.0" encoding="UTF-8"?>
<!-- Generated by org.testng.reporters.JUnitReportReporter -->
<testsuite hostname="GURUKIRAN" failures="0" tests="1" name="Ecommerce.Mycs.Practice.CliniqueTest" time="10.496" errors="0" timestamp="2025-03-29T21:09:21 IST" skipped="0">
  <testcase classname="Ecommerce.Mycs.Practice.CliniqueTest" name="iframeTest" time="10.496"/>
</testsuite> <!-- Ecommerce.Mycs.Practice.CliniqueTest -->
